<?xml version="1.0" encoding="UTF-8"?>
<!-- Generated by org.testng.reporters.JUnitXMLReporter -->
<testsuite ignored="1" hostname="DESKTOP-9MSC69J" failures="0" tests="5" name="Test" time="0.19" errors="0" timestamp="2020-04-07T12:59:40 IST">
  <testcase classname="TestNGsampleProject.TestNgPracticeProject.TestNgTestcases2" name="TestcaseA1" time="0.015"/>
  <testcase classname="TestNGsampleProject.TestNgPracticeProject.TestNgTestcases2" name="TestcaseA2" time="0.005"/>
  <testcase classname="TestNGsampleProject.TestNgPracticeProject.TestNgtestcase1" name="testcase3" time="0.003"/>
  <testcase classname="TestNGsampleProject.TestNgPracticeProject.TestNgtestcase1" name="testcase4" time="0.003"/>
  <testcase classname="TestNGsampleProject.TestNgPracticeProject.TestNgtestcase1" name="testcase1" time="0.006"/>
  <testcase classname="TestNGsampleProject.TestNgPracticeProject.TestNgtestcase1" name="testcase2" time="0.0">
    <ignored/>
  </testcase> <!-- testcase2 -->
</testsuite> <!-- Test -->
