<?xml version="1.0" encoding="UTF-8"?>
<!-- Generated by org.testng.reporters.JUnitXMLReporter -->
<testsuite ignored="0" hostname="DESKTOP-9MSC69J" failures="0" tests="2" name="Default test" time="24.664" errors="0" timestamp="2020-04-05T15:22:35 IST">
  <testcase classname="BDDPracticeProject1.PracticeProject.CreateNewAccountTests" name="createAccount" time="8.693"/>
  <testcase classname="BDDPracticeProject1.PracticeProject.CreateNewAccountTests" name="createAccount" time="8.125"/>
</testsuite> <!-- Default test -->
