<?xml version="1.0" encoding="UTF-8"?>
<!-- Generated by org.testng.reporters.JUnitXMLReporter -->
<testsuite ignored="0" hostname="DESKTOP-9MSC69J" failures="0" tests="2" name="Default test" time="0.116" errors="0" timestamp="2020-04-07T10:49:50 IST">
  <testcase classname="TestNGsampleProject.TestNgPracticeProject.TestNgTestcases2" name="TestcaseA1" time="0.013"/>
  <testcase classname="TestNGsampleProject.TestNgPracticeProject.TestNgTestcases2" name="TestcaseA2" time="0.004"/>
</testsuite> <!-- Default test -->
