<?xml version="1.0" encoding="UTF-8"?>
<testng-results ignored="1" total="6" passed="5" failed="0" skipped="0">
  <reporter-output>
  </reporter-output>
  <suite started-at="2020-04-07T12:59:40 IST" name="Suite" finished-at="2020-04-07T12:59:40 IST" duration-ms="190">
    <groups>
      <group name="smoke">
        <method signature="TestNgTestcases2.TestcaseA1()[pri:0, instance:TestNGsampleProject.TestNgPracticeProject.TestNgTestcases2@124c278f]" name="TestcaseA1" class="TestNGsampleProject.TestNgPracticeProject.TestNgTestcases2"/>
        <method signature="TestNgTestcases2.TestcaseA2()[pri:0, instance:TestNGsampleProject.TestNgPracticeProject.TestNgTestcases2@124c278f]" name="TestcaseA2" class="TestNGsampleProject.TestNgPracticeProject.TestNgTestcases2"/>
        <method signature="TestNgtestcase1.testcase3()[pri:0, instance:TestNGsampleProject.TestNgPracticeProject.TestNgtestcase1@61dd025]" name="testcase3" class="TestNGsampleProject.TestNgPracticeProject.TestNgtestcase1"/>
        <method signature="TestNgtestcase1.testcase4()[pri:0, instance:TestNGsampleProject.TestNgPracticeProject.TestNgtestcase1@61dd025]" name="testcase4" class="TestNGsampleProject.TestNgPracticeProject.TestNgtestcase1"/>
      </group> <!-- smoke -->
    </groups>
    <test started-at="2020-04-07T12:59:40 IST" name="Test" finished-at="2020-04-07T12:59:40 IST" duration-ms="190">
      <class name="TestNGsampleProject.TestNgPracticeProject.TestNgTestcases2">
        <test-method is-config="true" signature="initialiseDriver()[pri:0, instance:TestNGsampleProject.TestNgPracticeProject.TestNgTestcases2@124c278f]" started-at="2020-04-07T12:59:40 IST" name="initialiseDriver" finished-at="2020-04-07T12:59:40 IST" duration-ms="26" status="PASS">
          <reporter-output>
          </reporter-output>
        </test-method> <!-- initialiseDriver -->
        <test-method signature="TestcaseA1()[pri:0, instance:TestNGsampleProject.TestNgPracticeProject.TestNgTestcases2@124c278f]" started-at="2020-04-07T12:59:40 IST" name="TestcaseA1" finished-at="2020-04-07T12:59:40 IST" duration-ms="15" status="PASS">
          <reporter-output>
          </reporter-output>
        </test-method> <!-- TestcaseA1 -->
        <test-method signature="TestcaseA2()[pri:0, instance:TestNGsampleProject.TestNgPracticeProject.TestNgTestcases2@124c278f]" started-at="2020-04-07T12:59:40 IST" name="TestcaseA2" finished-at="2020-04-07T12:59:40 IST" duration-ms="5" status="PASS">
          <reporter-output>
          </reporter-output>
        </test-method> <!-- TestcaseA2 -->
        <test-method is-config="true" signature="TestcaseA3()[pri:0, instance:TestNGsampleProject.TestNgPracticeProject.TestNgTestcases2@124c278f]" started-at="2020-04-07T12:59:40 IST" name="TestcaseA3" finished-at="2020-04-07T12:59:40 IST" duration-ms="0" status="PASS">
          <reporter-output>
          </reporter-output>
        </test-method> <!-- TestcaseA3 -->
      </class> <!-- TestNGsampleProject.TestNgPracticeProject.TestNgTestcases2 -->
      <class name="TestNGsampleProject.TestNgPracticeProject.TestNgtestcase1">
        <test-method is-config="true" signature="browserinitilse()[pri:0, instance:TestNGsampleProject.TestNgPracticeProject.TestNgtestcase1@61dd025]" started-at="2020-04-07T12:59:40 IST" name="browserinitilse" finished-at="2020-04-07T12:59:40 IST" duration-ms="1" status="PASS">
          <reporter-output>
          </reporter-output>
        </test-method> <!-- browserinitilse -->
        <test-method is-config="true" signature="beforeMethodtest()[pri:0, instance:TestNGsampleProject.TestNgPracticeProject.TestNgtestcase1@61dd025]" started-at="2020-04-07T12:59:40 IST" name="beforeMethodtest" finished-at="2020-04-07T12:59:40 IST" duration-ms="1" status="PASS">
          <reporter-output>
          </reporter-output>
        </test-method> <!-- beforeMethodtest -->
        <test-method signature="testcase3()[pri:0, instance:TestNGsampleProject.TestNgPracticeProject.TestNgtestcase1@61dd025]" started-at="2020-04-07T12:59:40 IST" name="testcase3" finished-at="2020-04-07T12:59:40 IST" duration-ms="3" status="PASS">
          <reporter-output>
          </reporter-output>
        </test-method> <!-- testcase3 -->
        <test-method is-config="true" signature="afterMethodtest()[pri:0, instance:TestNGsampleProject.TestNgPracticeProject.TestNgtestcase1@61dd025]" started-at="2020-04-07T12:59:40 IST" name="afterMethodtest" finished-at="2020-04-07T12:59:40 IST" duration-ms="1" status="PASS">
          <reporter-output>
          </reporter-output>
        </test-method> <!-- afterMethodtest -->
        <test-method signature="testcase4()[pri:0, instance:TestNGsampleProject.TestNgPracticeProject.TestNgtestcase1@61dd025]" started-at="2020-04-07T12:59:40 IST" name="testcase4" finished-at="2020-04-07T12:59:40 IST" duration-ms="3" status="PASS">
          <reporter-output>
          </reporter-output>
        </test-method> <!-- testcase4 -->
        <test-method is-config="true" signature="beforeMethodtest()[pri:0, instance:TestNGsampleProject.TestNgPracticeProject.TestNgtestcase1@61dd025]" started-at="2020-04-07T12:59:40 IST" name="beforeMethodtest" finished-at="2020-04-07T12:59:40 IST" duration-ms="0" status="PASS">
          <reporter-output>
          </reporter-output>
        </test-method> <!-- beforeMethodtest -->
        <test-method is-config="true" signature="afterMethodtest()[pri:0, instance:TestNGsampleProject.TestNgPracticeProject.TestNgtestcase1@61dd025]" started-at="2020-04-07T12:59:40 IST" name="afterMethodtest" finished-at="2020-04-07T12:59:40 IST" duration-ms="1" status="PASS">
          <reporter-output>
          </reporter-output>
        </test-method> <!-- afterMethodtest -->
        <test-method is-config="true" signature="beforeMethodtest()[pri:0, instance:TestNGsampleProject.TestNgPracticeProject.TestNgtestcase1@61dd025]" started-at="2020-04-07T12:59:40 IST" name="beforeMethodtest" finished-at="2020-04-07T12:59:40 IST" duration-ms="2" status="PASS">
          <reporter-output>
          </reporter-output>
        </test-method> <!-- beforeMethodtest -->
        <test-method signature="testcase1()[pri:2, instance:TestNGsampleProject.TestNgPracticeProject.TestNgtestcase1@61dd025]" started-at="2020-04-07T12:59:40 IST" name="testcase1" finished-at="2020-04-07T12:59:40 IST" duration-ms="6" status="PASS">
          <reporter-output>
          </reporter-output>
        </test-method> <!-- testcase1 -->
        <test-method is-config="true" signature="afterMethodtest()[pri:0, instance:TestNGsampleProject.TestNgPracticeProject.TestNgtestcase1@61dd025]" started-at="2020-04-07T12:59:40 IST" name="afterMethodtest" finished-at="2020-04-07T12:59:40 IST" duration-ms="2" status="PASS">
          <reporter-output>
          </reporter-output>
        </test-method> <!-- afterMethodtest -->
        <test-method is-config="true" signature="teardown()[pri:0, instance:TestNGsampleProject.TestNgPracticeProject.TestNgtestcase1@61dd025]" started-at="2020-04-07T12:59:40 IST" name="teardown" finished-at="2020-04-07T12:59:40 IST" duration-ms="0" status="PASS">
          <reporter-output>
          </reporter-output>
        </test-method> <!-- teardown -->
      </class> <!-- TestNGsampleProject.TestNgPracticeProject.TestNgtestcase1 -->
    </test> <!-- Test -->
  </suite> <!-- Suite -->
</testng-results>
