<?xml version="1.0" encoding="UTF-8"?>
<testng-results ignored="0" total="1" passed="1" failed="0" skipped="0">
  <reporter-output>
  </reporter-output>
  <suite started-at="2020-05-14T16:13:25 IST" name="Default suite" finished-at="2020-05-14T16:13:31 IST" duration-ms="5432">
    <groups>
    </groups>
    <test started-at="2020-05-14T16:13:25 IST" name="Default test" finished-at="2020-05-14T16:13:31 IST" duration-ms="5432">
      <class name="restapitest.restApitests">
        <test-method signature="restapi1()[pri:0, instance:restapitest.restApitests@56a6d5a6]" started-at="2020-05-14T16:13:25 IST" name="restapi1" finished-at="2020-05-14T16:13:31 IST" duration-ms="5347" status="PASS">
          <reporter-output>
          </reporter-output>
        </test-method> <!-- restapi1 -->
      </class> <!-- restapitest.restApitests -->
    </test> <!-- Default test -->
  </suite> <!-- Default suite -->
</testng-results>
