<?xml version="1.0" encoding="UTF-8"?>
<testng-results ignored="0" total="1" passed="1" failed="0" skipped="0">
  <reporter-output>
  </reporter-output>
  <suite started-at="2020-05-06T17:40:06 IST" name="Suite" finished-at="2020-05-06T17:40:30 IST" duration-ms="23685">
    <groups>
    </groups>
    <test started-at="2020-05-06T17:40:06 IST" name="Test" finished-at="2020-05-06T17:40:30 IST" duration-ms="23685">
      <class name="BDDPracticeProject1.PracticeProject.LoginTest">
        <test-method is-config="true" signature="iniBrowser()[pri:0, instance:BDDPracticeProject1.PracticeProject.LoginTest@29176cc1]" started-at="2020-05-06T17:40:06 IST" name="iniBrowser" finished-at="2020-05-06T17:40:24 IST" duration-ms="18348" status="PASS">
          <reporter-output>
          </reporter-output>
        </test-method> <!-- iniBrowser -->
        <test-method signature="navigate()[pri:0, instance:BDDPracticeProject1.PracticeProject.LoginTest@29176cc1]" started-at="2020-05-06T17:40:24 IST" name="navigate" finished-at="2020-05-06T17:40:29 IST" duration-ms="4426" status="PASS">
          <reporter-output>
          </reporter-output>
        </test-method> <!-- navigate -->
        <test-method is-config="true" signature="teardown()[pri:0, instance:BDDPracticeProject1.PracticeProject.LoginTest@29176cc1]" started-at="2020-05-06T17:40:29 IST" name="teardown" finished-at="2020-05-06T17:40:30 IST" duration-ms="862" status="PASS">
          <reporter-output>
          </reporter-output>
        </test-method> <!-- teardown -->
      </class> <!-- BDDPracticeProject1.PracticeProject.LoginTest -->
    </test> <!-- Test -->
  </suite> <!-- Suite -->
</testng-results>
