<?xml version="1.0" encoding="UTF-8"?>
<!-- Generated by org.testng.reporters.JUnitXMLReporter -->
<testsuite ignored="0" hostname="DESKTOP-9MSC69J" failures="2" tests="2" name="Test" time="31.663" errors="0" timestamp="2020-03-29T20:52:47 IST">
  <testcase classname="SampleTestsuite.Homepage" name="BasePageNavigation" time="14.239">
    <failure type="java.lang.AssertionError" message="expected [Invalid email or password] but found [Invalid email or password.]">
      <![CDATA[java.lang.AssertionError: expected [Invalid email or password] but found [Invalid email or password.]
at SampleTestsuite.Homepage.BasePageNavigation(Homepage.java:40)
at java.base/java.util.ArrayList.forEach(ArrayList.java:1507)
... Removed 36 stack frames]]>
    </failure>
  </testcase> <!-- BasePageNavigation -->
  <testcase classname="SampleTestsuite.Homepage" name="BasePageNavigation" time="10.295">
    <failure type="java.lang.AssertionError" message="expected [Invalid email or password] but found [Invalid email or password.]">
      <![CDATA[java.lang.AssertionError: expected [Invalid email or password] but found [Invalid email or password.]
at SampleTestsuite.Homepage.BasePageNavigation(Homepage.java:40)
at java.base/java.util.ArrayList.forEach(ArrayList.java:1507)
... Removed 36 stack frames]]>
    </failure>
  </testcase> <!-- BasePageNavigation -->
</testsuite> <!-- Test -->
