<?xml version="1.0" encoding="UTF-8"?>
<testsuite xmlns:xsi="http://www.w3.org/2001/XMLSchema-instance" xsi:noNamespaceSchemaLocation="https://maven.apache.org/surefire/maven-surefire-plugin/xsd/surefire-test-report-3.0.xsd" version="3.0" name="TestSuite" time="34.12" tests="2" errors="0" skipped="0" failures="2">
  <properties>
[...]
</properties>
  <testcase name="BasePageNavigation" classname="SampleTestsuite.Homepage" time="14.255">
    <failure message="expected [Invalid email or password] but found [Invalid email or password.]" type="java.lang.AssertionError"><![CDATA[java.lang.AssertionError: expected [Invalid email or password] but found [Invalid email or password.]
	at SampleTestsuite.Homepage.BasePageNavigation(Homepage.java:40)
]]></failure>
    <system-out><![CDATA[Chrome
in Initialise Driverhttp://www.qaclickacademy.com/
Invalid email or password.
]]></system-out>
    <system-err><![CDATA[Starting ChromeDriver 80.0.3987.16 (320f6526c1632ad4f205ebce69b99a062ed78647-refs/branch-heads/3987@{#185}) on port 40595
Only local connections are allowed.
Please protect ports used by ChromeDriver and related test frameworks to prevent access by malicious code.
[1585495340.683][WARNING]: Timed out connecting to Chrome, retrying...
Mar 29, 2020 8:52:22 PM org.openqa.selenium.remote.ProtocolHandshake createSession
INFO: Detected dialect: W3C
[1585495343.357][SEVERE]: Timed out receiving message from renderer: 0.100
[1585495343.466][SEVERE]: Timed out receiving message from renderer: 0.100
[1585495343.569][SEVERE]: Timed out receiving message from renderer: 0.100
[1585495343.682][SEVERE]: Timed out receiving message from renderer: 0.100
[1585495343.788][SEVERE]: Timed out receiving message from renderer: 0.100
[1585495343.941][SEVERE]: Timed out receiving message from renderer: 0.100
[1585495351.037][SEVERE]: Timed out receiving message from renderer: 0.100
[1585495351.190][SEVERE]: Timed out receiving message from renderer: 0.100
[1585495351.296][SEVERE]: Timed out receiving message from renderer: 0.100
[1585495351.401][SEVERE]: Timed out receiving message from renderer: 0.100
[1585495351.505][SEVERE]: Timed out receiving message from renderer: 0.100
[1585495351.607][SEVERE]: Timed out receiving message from renderer: 0.100
[1585495351.709][SEVERE]: Timed out receiving message from renderer: 0.100
[1585495351.810][SEVERE]: Timed out receiving message from renderer: 0.100
[1585495351.911][SEVERE]: Timed out receiving message from renderer: 0.100
[1585495353.161][SEVERE]: Timed out receiving message from renderer: 0.100
[1585495353.267][SEVERE]: Timed out receiving message from renderer: 0.100
[1585495353.370][SEVERE]: Timed out receiving message from renderer: 0.100
[1585495353.477][SEVERE]: Timed out receiving message from renderer: 0.100
[1585495355.924][SEVERE]: Timed out receiving message from renderer: 0.100
[1585495356.028][SEVERE]: Timed out receiving message from renderer: 0.100
[1585495356.131][SEVERE]: Timed out receiving message from renderer: 0.100
[1585495356.238][SEVERE]: Timed out receiving message from renderer: 0.100
[1585495356.888][SEVERE]: Timed out receiving message from renderer: 0.100
[1585495356.989][SEVERE]: Timed out receiving message from renderer: 0.100
]]></system-err>
  </testcase>
  <testcase name="BasePageNavigation" classname="SampleTestsuite.Homepage" time="10.293">
    <failure message="expected [Invalid email or password] but found [Invalid email or password.]" type="java.lang.AssertionError"><![CDATA[java.lang.AssertionError: expected [Invalid email or password] but found [Invalid email or password.]
	at SampleTestsuite.Homepage.BasePageNavigation(Homepage.java:40)
]]></failure>
    <system-out><![CDATA[Invalid email or password.
]]></system-out>
    <system-err><![CDATA[[1585495357.627][SEVERE]: Timed out receiving message from renderer: 0.100
[1585495362.598][SEVERE]: Timed out receiving message from renderer: 0.100
[1585495362.711][SEVERE]: Timed out receiving message from renderer: 0.100
[1585495363.464][SEVERE]: Timed out receiving message from renderer: 0.100
[1585495363.570][SEVERE]: Timed out receiving message from renderer: 0.100
[1585495363.673][SEVERE]: Timed out receiving message from renderer: 0.100
[1585495363.777][SEVERE]: Timed out receiving message from renderer: 0.100
[1585495366.028][SEVERE]: Timed out receiving message from renderer: 0.100
[1585495366.147][SEVERE]: Timed out receiving message from renderer: 0.100
[1585495366.254][SEVERE]: Timed out receiving message from renderer: 0.100
[1585495366.357][SEVERE]: Timed out receiving message from renderer: 0.100
[1585495366.467][SEVERE]: Timed out receiving message from renderer: 0.100
[1585495367.260][SEVERE]: Timed out receiving message from renderer: 0.100
]]></system-err>
  </testcase>
</testsuite>