<?xml version="1.0" encoding="UTF-8"?>
<testng-results ignored="0" total="1" passed="1" failed="0" skipped="0">
  <reporter-output>
  </reporter-output>
  <suite started-at="2020-03-26T10:03:22 IST" name="Default suite" finished-at="2020-03-26T10:03:23 IST" duration-ms="130">
    <groups>
    </groups>
    <test started-at="2020-03-26T10:03:22 IST" name="Default test" finished-at="2020-03-26T10:03:23 IST" duration-ms="130">
      <class name="TestNGDemo.Sampletest1">
        <test-method signature="testcase1()[pri:0, instance:TestNGDemo.Sampletest1@4f638935]" started-at="2020-03-26T10:03:22 IST" name="testcase1" finished-at="2020-03-26T10:03:23 IST" duration-ms="25" status="PASS">
          <reporter-output>
          </reporter-output>
        </test-method> <!-- testcase1 -->
      </class> <!-- TestNGDemo.Sampletest1 -->
    </test> <!-- Default test -->
  </suite> <!-- Default suite -->
</testng-results>
