<?xml version="1.0" encoding="UTF-8"?>
<testng-results ignored="0" total="1" passed="1" failed="0" skipped="0">
  <reporter-output>
  </reporter-output>
  <suite started-at="2020-04-12T15:37:58 IST" name="Default suite" finished-at="2020-04-12T15:38:05 IST" duration-ms="6718">
    <groups>
    </groups>
    <test started-at="2020-04-12T15:37:58 IST" name="Default test" finished-at="2020-04-12T15:38:05 IST" duration-ms="6718">
      <class name="Tests.Base">
        <test-method is-config="true" signature="setup()[pri:0, instance:Tests.Base@15b204a1]" started-at="2020-04-12T15:37:58 IST" name="setup" finished-at="2020-04-12T15:38:04 IST" duration-ms="6635" status="PASS">
          <reporter-output>
          </reporter-output>
        </test-method> <!-- setup -->
        <test-method signature="sampletest()[pri:0, instance:Tests.Base@15b204a1]" started-at="2020-04-12T15:38:05 IST" name="sampletest" finished-at="2020-04-12T15:38:05 IST" duration-ms="10" status="PASS">
          <reporter-output>
          </reporter-output>
        </test-method> <!-- sampletest -->
        <test-method is-config="true" signature="teardown()[pri:0, instance:Tests.Base@15b204a1]" started-at="2020-04-12T15:38:05 IST" name="teardown" finished-at="2020-04-12T15:38:05 IST" duration-ms="0" status="PASS">
          <reporter-output>
          </reporter-output>
        </test-method> <!-- teardown -->
      </class> <!-- Tests.Base -->
    </test> <!-- Default test -->
  </suite> <!-- Default suite -->
</testng-results>
